<?xml version="1.0" encoding="UTF-8"?>
<!-- Generated by org.testng.reporters.JUnitReportReporter -->
<testsuite skipped="0" hostname="Infva05407" name="execute.ForgotPassExecute" tests="1" failures="0" timestamp="24 Jan 2019 11:31:24 GMT" time="38.081" errors="0">
  <testcase name="f" time="38.081" classname="execute.ForgotPassExecute"/>
</testsuite> <!-- execute.ForgotPassExecute -->
