<?xml version="1.0" encoding="UTF-8"?>
<!-- Generated by org.testng.reporters.JUnitReportReporter -->
<testsuite skipped="0" hostname="Infva05407" name="execute.RoundTripExec" tests="1" failures="0" timestamp="25 Jan 2019 03:38:41 GMT" time="126.232" errors="0">
  <testcase name="roundTripTest" time="126.232" classname="execute.RoundTripExec"/>
</testsuite> <!-- execute.RoundTripExec -->
