<?xml version="1.0" encoding="UTF-8"?>
<!-- Generated by org.testng.reporters.JUnitReportReporter -->
<testsuite skipped="1" hostname="Infva05407" name="execute.OneWayExec" tests="1" failures="0" timestamp="27 Jan 2019 03:40:22 GMT" time="0.000" errors="0">
  <testcase name="OneWaySearch" time="0.000" classname="execute.OneWayExec">
    <skipped/>
  </testcase> <!-- OneWaySearch -->
</testsuite> <!-- execute.OneWayExec -->
