<?xml version="1.0" encoding="UTF-8"?>
<!-- Generated by org.testng.reporters.JUnitReportReporter -->
<testsuite skipped="0" hostname="Infva05407" name="execute.LoginExecute" tests="1" failures="0" timestamp="25 Jan 2019 09:59:22 GMT" time="62.950" errors="0">
  <testcase name="f" time="62.950" classname="execute.LoginExecute"/>
</testsuite> <!-- execute.LoginExecute -->
