<?xml version="1.0" encoding="UTF-8"?>
<!-- Generated by org.testng.reporters.JUnitReportReporter -->
<testsuite skipped="0" hostname="Infva05407" name="execute.RegisterExecute" tests="1" failures="0" timestamp="25 Jan 2019 09:54:08 GMT" time="138.925" errors="0">
  <testcase name="f" time="138.925" classname="execute.RegisterExecute"/>
</testsuite> <!-- execute.RegisterExecute -->
